<?xml version="1.0" encoding="UTF-8"?>
<testng-results skipped="0" failed="2" ignored="0" total="10" passed="8">
  <reporter-output>
  </reporter-output>
  <suite name="Suite" duration-ms="53299" started-at="2021-07-10T10:28:54 IST" finished-at="2021-07-10T10:29:47 IST">
    <groups>
    </groups>
    <test name="Test" duration-ms="53299" started-at="2021-07-10T10:28:54 IST" finished-at="2021-07-10T10:29:47 IST">
      <class name="com.test.DemoTest">
        <test-method status="PASS" signature="Test01()[pri:0, instance:com.test.DemoTest@50b494a6]" name="Test01" duration-ms="7415" started-at="2021-07-10T10:28:54 IST" finished-at="2021-07-10T10:29:01 IST">
          <reporter-output>
          </reporter-output>
        </test-method> <!-- Test01 -->
        <test-method status="PASS" signature="verifyTable()[pri:0, instance:com.test.DemoTest@50b494a6]" name="verifyTable" duration-ms="8917" started-at="2021-07-10T10:29:01 IST" finished-at="2021-07-10T10:29:10 IST">
          <reporter-output>
          </reporter-output>
        </test-method> <!-- verifyTable -->
      </class> <!-- com.test.DemoTest -->
      <class name="com.test.OperatorTest">
        <test-method status="PASS" signature="setUp()[pri:0, instance:com.test.OperatorTest@396f6598]" name="setUp" is-config="true" duration-ms="5465" started-at="2021-07-10T10:29:29 IST" finished-at="2021-07-10T10:29:34 IST">
          <reporter-output>
          </reporter-output>
        </test-method> <!-- setUp -->
        <test-method status="PASS" signature="maxTimeCount()[pri:0, instance:com.test.OperatorTest@396f6598]" name="maxTimeCount" duration-ms="109" started-at="2021-07-10T10:29:34 IST" finished-at="2021-07-10T10:29:34 IST">
          <reporter-output>
          </reporter-output>
        </test-method> <!-- maxTimeCount -->
        <test-method status="PASS" signature="setUp()[pri:0, instance:com.test.OperatorTest@396f6598]" name="setUp" is-config="true" duration-ms="5443" started-at="2021-07-10T10:29:34 IST" finished-at="2021-07-10T10:29:40 IST">
          <reporter-output>
          </reporter-output>
        </test-method> <!-- setUp -->
        <test-method status="PASS" signature="verifyDetailDescOfRole()[pri:0, instance:com.test.OperatorTest@396f6598]" name="verifyDetailDescOfRole" duration-ms="122" started-at="2021-07-10T10:29:40 IST" finished-at="2021-07-10T10:29:40 IST">
          <reporter-output>
          </reporter-output>
        </test-method> <!-- verifyDetailDescOfRole -->
        <test-method status="PASS" signature="setUp()[pri:0, instance:com.test.OperatorTest@396f6598]" name="setUp" is-config="true" duration-ms="5694" started-at="2021-07-10T10:29:40 IST" finished-at="2021-07-10T10:29:46 IST">
          <reporter-output>
          </reporter-output>
        </test-method> <!-- setUp -->
        <test-method status="FAIL" signature="verifyUserWithAndTimingContact()[pri:0, instance:com.test.OperatorTest@396f6598]" name="verifyUserWithAndTimingContact" duration-ms="1477" started-at="2021-07-10T10:29:46 IST" finished-at="2021-07-10T10:29:47 IST">
          <exception class="java.lang.AssertionError">
            <message>
              <![CDATA[Maps do not match for key:Neelam actual:[7066885937, 09:00 AM to 06:00 PM Monday-Saturday] expected:[7066885937, 09:00 AM to 06:00 PM Monday-Saturday]]]>
            </message>
            <full-stacktrace>
              <![CDATA[java.lang.AssertionError: Maps do not match for key:Neelam actual:[7066885937, 09:00 AM to 06:00 PM Monday-Saturday] expected:[7066885937, 09:00 AM to 06:00 PM Monday-Saturday]
at org.testng.Assert.fail(Assert.java:99)
at org.testng.Assert.assertEquals(Assert.java:1458)
at org.testng.Assert.assertEquals(Assert.java:1412)
at com.test.OperatorTest.verifyUserWithAndTimingContact(OperatorTest.java:73)
at sun.reflect.NativeMethodAccessorImpl.invoke0(Native Method)
at sun.reflect.NativeMethodAccessorImpl.invoke(NativeMethodAccessorImpl.java:62)
at sun.reflect.DelegatingMethodAccessorImpl.invoke(DelegatingMethodAccessorImpl.java:43)
at java.lang.reflect.Method.invoke(Method.java:498)
at org.testng.internal.MethodInvocationHelper.invokeMethod(MethodInvocationHelper.java:133)
at org.testng.internal.TestInvoker.invokeMethod(TestInvoker.java:598)
at org.testng.internal.TestInvoker.invokeTestMethod(TestInvoker.java:173)
at org.testng.internal.MethodRunner.runInSequence(MethodRunner.java:46)
at org.testng.internal.TestInvoker$MethodInvocationAgent.invoke(TestInvoker.java:824)
at org.testng.internal.TestInvoker.invokeTestMethods(TestInvoker.java:146)
at org.testng.internal.TestMethodWorker.invokeTestMethods(TestMethodWorker.java:146)
at org.testng.internal.TestMethodWorker.run(TestMethodWorker.java:128)
at java.util.ArrayList.forEach(ArrayList.java:1257)
at org.testng.TestRunner.privateRun(TestRunner.java:794)
at org.testng.TestRunner.run(TestRunner.java:596)
at org.testng.SuiteRunner.runTest(SuiteRunner.java:377)
at org.testng.SuiteRunner.runSequentially(SuiteRunner.java:371)
at org.testng.SuiteRunner.privateRun(SuiteRunner.java:332)
at org.testng.SuiteRunner.run(SuiteRunner.java:276)
at org.testng.SuiteRunnerWorker.runSuite(SuiteRunnerWorker.java:53)
at org.testng.SuiteRunnerWorker.run(SuiteRunnerWorker.java:96)
at org.testng.TestNG.runSuitesSequentially(TestNG.java:1212)
at org.testng.TestNG.runSuitesLocally(TestNG.java:1134)
at org.testng.TestNG.runSuites(TestNG.java:1063)
at org.testng.TestNG.run(TestNG.java:1031)
at org.apache.maven.surefire.testng.TestNGExecutor.run(TestNGExecutor.java:284)
at org.apache.maven.surefire.testng.TestNGXmlTestSuite.execute(TestNGXmlTestSuite.java:75)
at org.apache.maven.surefire.testng.TestNGProvider.invoke(TestNGProvider.java:119)
at org.apache.maven.surefire.booter.ForkedBooter.runSuitesInProcess(ForkedBooter.java:428)
at org.apache.maven.surefire.booter.ForkedBooter.execute(ForkedBooter.java:162)
at org.apache.maven.surefire.booter.ForkedBooter.run(ForkedBooter.java:562)
at org.apache.maven.surefire.booter.ForkedBooter.main(ForkedBooter.java:548)
]]>
            </full-stacktrace>
          </exception> <!-- java.lang.AssertionError -->
          <reporter-output>
          </reporter-output>
        </test-method> <!-- verifyUserWithAndTimingContact -->
      </class> <!-- com.test.OperatorTest -->
      <class name="com.test.AddUserTest">
        <test-method status="PASS" signature="setUp()[pri:0, instance:com.test.AddUserTest@1f7030a6]" name="setUp" is-config="true" duration-ms="5461" started-at="2021-07-10T10:29:17 IST" finished-at="2021-07-10T10:29:22 IST">
          <reporter-output>
          </reporter-output>
        </test-method> <!-- setUp -->
        <test-method status="FAIL" signature="emailTest()[pri:0, instance:com.test.AddUserTest@1f7030a6]" name="emailTest" duration-ms="45" started-at="2021-07-10T10:29:22 IST" finished-at="2021-07-10T10:29:22 IST">
          <exception class="java.lang.NullPointerException">
            <full-stacktrace>
              <![CDATA[java.lang.NullPointerException
at com.test.AddUserTest.getCellData(AddUserTest.java:39)
at com.test.AddUserTest.emailTest(AddUserTest.java:92)
at sun.reflect.NativeMethodAccessorImpl.invoke0(Native Method)
at sun.reflect.NativeMethodAccessorImpl.invoke(NativeMethodAccessorImpl.java:62)
at sun.reflect.DelegatingMethodAccessorImpl.invoke(DelegatingMethodAccessorImpl.java:43)
at java.lang.reflect.Method.invoke(Method.java:498)
at org.testng.internal.MethodInvocationHelper.invokeMethod(MethodInvocationHelper.java:133)
at org.testng.internal.TestInvoker.invokeMethod(TestInvoker.java:598)
at org.testng.internal.TestInvoker.invokeTestMethod(TestInvoker.java:173)
at org.testng.internal.MethodRunner.runInSequence(MethodRunner.java:46)
at org.testng.internal.TestInvoker$MethodInvocationAgent.invoke(TestInvoker.java:824)
at org.testng.internal.TestInvoker.invokeTestMethods(TestInvoker.java:146)
at org.testng.internal.TestMethodWorker.invokeTestMethods(TestMethodWorker.java:146)
at org.testng.internal.TestMethodWorker.run(TestMethodWorker.java:128)
at java.util.ArrayList.forEach(ArrayList.java:1257)
at org.testng.TestRunner.privateRun(TestRunner.java:794)
at org.testng.TestRunner.run(TestRunner.java:596)
at org.testng.SuiteRunner.runTest(SuiteRunner.java:377)
at org.testng.SuiteRunner.runSequentially(SuiteRunner.java:371)
at org.testng.SuiteRunner.privateRun(SuiteRunner.java:332)
at org.testng.SuiteRunner.run(SuiteRunner.java:276)
at org.testng.SuiteRunnerWorker.runSuite(SuiteRunnerWorker.java:53)
at org.testng.SuiteRunnerWorker.run(SuiteRunnerWorker.java:96)
at org.testng.TestNG.runSuitesSequentially(TestNG.java:1212)
at org.testng.TestNG.runSuitesLocally(TestNG.java:1134)
at org.testng.TestNG.runSuites(TestNG.java:1063)
at org.testng.TestNG.run(TestNG.java:1031)
at org.apache.maven.surefire.testng.TestNGExecutor.run(TestNGExecutor.java:284)
at org.apache.maven.surefire.testng.TestNGXmlTestSuite.execute(TestNGXmlTestSuite.java:75)
at org.apache.maven.surefire.testng.TestNGProvider.invoke(TestNGProvider.java:119)
at org.apache.maven.surefire.booter.ForkedBooter.runSuitesInProcess(ForkedBooter.java:428)
at org.apache.maven.surefire.booter.ForkedBooter.execute(ForkedBooter.java:162)
at org.apache.maven.surefire.booter.ForkedBooter.run(ForkedBooter.java:562)
at org.apache.maven.surefire.booter.ForkedBooter.main(ForkedBooter.java:548)
]]>
            </full-stacktrace>
          </exception> <!-- java.lang.NullPointerException -->
          <reporter-output>
          </reporter-output>
        </test-method> <!-- emailTest -->
        <test-method status="PASS" signature="mobileTest()[pri:0, instance:com.test.AddUserTest@1f7030a6]" name="mobileTest" duration-ms="335" started-at="2021-07-10T10:29:22 IST" finished-at="2021-07-10T10:29:22 IST">
          <reporter-output>
          </reporter-output>
        </test-method> <!-- mobileTest -->
        <test-method status="PASS" signature="verifyAddUser()[pri:0, instance:com.test.AddUserTest@1f7030a6]" name="verifyAddUser" duration-ms="6231" started-at="2021-07-10T10:29:22 IST" finished-at="2021-07-10T10:29:29 IST">
          <reporter-output>
          </reporter-output>
        </test-method> <!-- verifyAddUser -->
      </class> <!-- com.test.AddUserTest -->
      <class name="com.test.DemoTest1">
        <test-method status="PASS" signature="test01()[pri:0, instance:com.test.DemoTest1@63e2203c]" name="test01" duration-ms="6311" started-at="2021-07-10T10:29:10 IST" finished-at="2021-07-10T10:29:16 IST">
          <reporter-output>
          </reporter-output>
        </test-method> <!-- test01 -->
        <test-method status="PASS" signature="verifyExcleData()[pri:0, instance:com.test.DemoTest1@63e2203c]" name="verifyExcleData" duration-ms="132" started-at="2021-07-10T10:29:16 IST" finished-at="2021-07-10T10:29:17 IST">
          <reporter-output>
          </reporter-output>
        </test-method> <!-- verifyExcleData -->
      </class> <!-- com.test.DemoTest1 -->
    </test> <!-- Test -->
  </suite> <!-- Suite -->
</testng-results>
