<?xml version="1.0" encoding="UTF-8"?>
<!-- Generated by org.testng.reporters.JUnitReportReporter -->
<testsuite skipped="0" hostname="PRAJWAL-PC" name="com.test.DemoTest1" tests="1" failures="0" timestamp="23 Jun 2021 06:53:28 GMT" time="2.003" errors="1">
  <testcase name="test01" time="2.003" classname="com.test.DemoTest1">
    <error type="org.openqa.selenium.WebDriverException" message="unknown error: failed to write prefs file
Build info: version: &#039;3.141.59&#039;, revision: &#039;e82be7d358&#039;, time: &#039;2018-11-14T08:17:03&#039;
System info: host: &#039;PRAJWAL-PC&#039;, ip: &#039;192.168.43.233&#039;, os.name: &#039;Windows 8.1&#039;, os.arch: &#039;amd64&#039;, os.version: &#039;6.3&#039;, java.version: &#039;1.8.0_181&#039;
Driver info: driver.version: ChromeDriver
remote stacktrace: Backtrace:
	Ordinal0 [0x003AC013+2474003]
	Ordinal0 [0x003429C1+2042305]
	Ordinal0 [0x00252F68+1060712]
	Ordinal0 [0x00270D8C+1183116]
	Ordinal0 [0x0026E23E+1172030]
	Ordinal0 [0x0026AA83+1157763]
	Ordinal0 [0x0029A2A2+1352354]
	Ordinal0 [0x00298FAA+1347498]
	Ordinal0 [0x002966DB+1337051]
	Ordinal0 [0x00273427+1192999]
	Ordinal0 [0x002742EE+1196782]
	Ordinal0 [0x00274279+1196665]
	GetHandleVerifier [0x005396FC+1590332]
	GetHandleVerifier [0x005E8614+2306900]
	GetHandleVerifier [0x00439E93+543699]
	GetHandleVerifier [0x004392CE+540686]
	Ordinal0 [0x003486BA+2066106]
	Ordinal0 [0x0034D1C8+2085320]
	Ordinal0 [0x0034D308+2085640]
	Ordinal0 [0x003567F3+2123763]
	BaseThreadInitThunk [0x74A4919F+14]
	RtlInitializeExceptionChain [0x7702A8CB+132]
	RtlInitializeExceptionChain [0x7702A8A1+90]
">
      <![CDATA[org.openqa.selenium.WebDriverException: unknown error: failed to write prefs file
Build info: version: '3.141.59', revision: 'e82be7d358', time: '2018-11-14T08:17:03'
System info: host: 'PRAJWAL-PC', ip: '192.168.43.233', os.name: 'Windows 8.1', os.arch: 'amd64', os.version: '6.3', java.version: '1.8.0_181'
Driver info: driver.version: ChromeDriver
remote stacktrace: Backtrace:
	Ordinal0 [0x003AC013+2474003]
	Ordinal0 [0x003429C1+2042305]
	Ordinal0 [0x00252F68+1060712]
	Ordinal0 [0x00270D8C+1183116]
	Ordinal0 [0x0026E23E+1172030]
	Ordinal0 [0x0026AA83+1157763]
	Ordinal0 [0x0029A2A2+1352354]
	Ordinal0 [0x00298FAA+1347498]
	Ordinal0 [0x002966DB+1337051]
	Ordinal0 [0x00273427+1192999]
	Ordinal0 [0x002742EE+1196782]
	Ordinal0 [0x00274279+1196665]
	GetHandleVerifier [0x005396FC+1590332]
	GetHandleVerifier [0x005E8614+2306900]
	GetHandleVerifier [0x00439E93+543699]
	GetHandleVerifier [0x004392CE+540686]
	Ordinal0 [0x003486BA+2066106]
	Ordinal0 [0x0034D1C8+2085320]
	Ordinal0 [0x0034D308+2085640]
	Ordinal0 [0x003567F3+2123763]
	BaseThreadInitThunk [0x74A4919F+14]
	RtlInitializeExceptionChain [0x7702A8CB+132]
	RtlInitializeExceptionChain [0x7702A8A1+90]

	at sun.reflect.NativeConstructorAccessorImpl.newInstance0(Native Method)
	at sun.reflect.NativeConstructorAccessorImpl.newInstance(NativeConstructorAccessorImpl.java:62)
	at sun.reflect.DelegatingConstructorAccessorImpl.newInstance(DelegatingConstructorAccessorImpl.java:45)
	at java.lang.reflect.Constructor.newInstance(Constructor.java:423)
	at org.openqa.selenium.remote.W3CHandshakeResponse.lambda$errorHandler$0(W3CHandshakeResponse.java:62)
	at org.openqa.selenium.remote.HandshakeResponse.lambda$getResponseFunction$0(HandshakeResponse.java:30)
	at org.openqa.selenium.remote.ProtocolHandshake.lambda$createSession$0(ProtocolHandshake.java:126)
	at java.util.stream.ReferencePipeline$3$1.accept(ReferencePipeline.java:193)
	at java.util.Spliterators$ArraySpliterator.tryAdvance(Spliterators.java:958)
	at java.util.stream.ReferencePipeline.forEachWithCancel(ReferencePipeline.java:126)
	at java.util.stream.AbstractPipeline.copyIntoWithCancel(AbstractPipeline.java:498)
	at java.util.stream.AbstractPipeline.copyInto(AbstractPipeline.java:485)
	at java.util.stream.AbstractPipeline.wrapAndCopyInto(AbstractPipeline.java:471)
	at java.util.stream.FindOps$FindOp.evaluateSequential(FindOps.java:152)
	at java.util.stream.AbstractPipeline.evaluate(AbstractPipeline.java:234)
	at java.util.stream.ReferencePipeline.findFirst(ReferencePipeline.java:464)
	at org.openqa.selenium.remote.ProtocolHandshake.createSession(ProtocolHandshake.java:128)
	at org.openqa.selenium.remote.ProtocolHandshake.createSession(ProtocolHandshake.java:74)
	at org.openqa.selenium.remote.HttpCommandExecutor.execute(HttpCommandExecutor.java:136)
	at org.openqa.selenium.remote.service.DriverCommandExecutor.execute(DriverCommandExecutor.java:83)
	at org.openqa.selenium.remote.RemoteWebDriver.execute(RemoteWebDriver.java:552)
	at org.openqa.selenium.remote.RemoteWebDriver.startSession(RemoteWebDriver.java:213)
	at org.openqa.selenium.remote.RemoteWebDriver.<init>(RemoteWebDriver.java:131)
	at org.openqa.selenium.chrome.ChromeDriver.<init>(ChromeDriver.java:181)
	at org.openqa.selenium.chrome.ChromeDriver.<init>(ChromeDriver.java:168)
	at org.openqa.selenium.chrome.ChromeDriver.<init>(ChromeDriver.java:123)
	at com.test.DemoTest1.test01(DemoTest1.java:25)
	at sun.reflect.NativeMethodAccessorImpl.invoke0(Native Method)
	at sun.reflect.NativeMethodAccessorImpl.invoke(NativeMethodAccessorImpl.java:62)
	at sun.reflect.DelegatingMethodAccessorImpl.invoke(DelegatingMethodAccessorImpl.java:43)
	at java.lang.reflect.Method.invoke(Method.java:498)
	at org.testng.internal.MethodInvocationHelper.invokeMethod(MethodInvocationHelper.java:108)
	at org.testng.internal.Invoker.invokeMethod(Invoker.java:661)
	at org.testng.internal.Invoker.invokeTestMethod(Invoker.java:869)
	at org.testng.internal.Invoker.invokeTestMethods(Invoker.java:1193)
	at org.testng.internal.TestMethodWorker.invokeTestMethods(TestMethodWorker.java:126)
	at org.testng.internal.TestMethodWorker.run(TestMethodWorker.java:109)
	at org.testng.TestRunner.privateRun(TestRunner.java:744)
	at org.testng.TestRunner.run(TestRunner.java:602)
	at org.testng.SuiteRunner.runTest(SuiteRunner.java:380)
	at org.testng.SuiteRunner.runSequentially(SuiteRunner.java:375)
	at org.testng.SuiteRunner.privateRun(SuiteRunner.java:340)
	at org.testng.SuiteRunner.run(SuiteRunner.java:289)
	at org.testng.SuiteRunnerWorker.runSuite(SuiteRunnerWorker.java:52)
	at org.testng.SuiteRunnerWorker.run(SuiteRunnerWorker.java:86)
	at org.testng.TestNG.runSuitesSequentially(TestNG.java:1301)
	at org.testng.TestNG.runSuitesLocally(TestNG.java:1226)
	at org.testng.TestNG.runSuites(TestNG.java:1144)
	at org.testng.TestNG.run(TestNG.java:1115)
	at org.testng.remote.AbstractRemoteTestNG.run(AbstractRemoteTestNG.java:132)
	at org.testng.remote.RemoteTestNG.initAndRun(RemoteTestNG.java:230)
	at org.testng.remote.RemoteTestNG.main(RemoteTestNG.java:76)
]]>
    </error>
  </testcase> <!-- test01 -->
</testsuite> <!-- com.test.DemoTest1 -->
